This is pdfTeX, Version 3.1415926-1.40.10 (TeX Live 2009/Debian) (format=latex 2011.3.17)  3 MAY 2011 22:45
entering extended mode
 restricted \write18 enabled.
 %&-line parsing enabled.
**fullpage.sty
(./fullpage.sty
LaTeX2e <2009/09/24>
Babel <v3.8l> and hyphenation patterns for english, usenglishmax, dumylang, noh
yphenation, loaded.
Style Option FULLPAGE Version 2 as of 15 Dec 1988
)
*^^X
! Text line contains an invalid character.
<*> ^^X
       
? x
 
Here is how much of TeX's memory you used:
 6 strings out of 495062
 141 string characters out of 1182644
 45108 words of memory out of 3000000
 3282 multiletter control sequences out of 15000+50000
 3640 words of font info for 14 fonts, out of 3000000 for 9000
 28 hyphenation exceptions out of 8191
 5i,0n,1p,92b,8s stack positions out of 5000i,500n,10000p,200000b,50000s
No pages of output.
