#
# A fatal error has been detected by the Java Runtime Environment:
#
#  SIGSEGV (0xb) at pc=0x617afb42, pid=28162, tid=3077207744
#
# JRE version: 6.0_25-b06
# Java VM: Java HotSpot(TM) Client VM (20.0-b11 mixed mode linux-x86 )
# Problematic frame:
# C  [libxul.so+0xc6cb42]  NS_UTF16ToCString_P+0x195cb
#
# If you would like to submit a bug report, please visit:
#   http://java.sun.com/webapps/bugreport/crash.jsp
# The crash happened outside the Java Virtual Machine in native code.
# See problematic frame for where to report the bug.
#

---------------  T H R E A D  ---------------

Current thread (0x08427800):  JavaThread "main" [_thread_in_native, id=28162, stack(0xbf82f000,0xbf87f000)]

siginfo:si_signo=SIGSEGV: si_errno=0, si_code=1 (SEGV_MAPERR), si_addr=0x008912a2

Registers:
EAX=0xbf87cf50, EBX=0x61f90c94, ECX=0xbf87cf54, EDX=0x008912a2
ESP=0xbf87bed0, EBP=0xbf87bf08, ESI=0xbf87cf58, EDI=0xbf87cf50
EIP=0x617afb42, EFLAGS=0x00210202, CR2=0x008912a2

Top of Stack: (sp=0xbf87bed0)
0xbf87bed0:   bf87bef0 bf87cf8c bf87cf54 08a72e38
0xbf87bee0:   bf87befc bf87bf00 114b29ec 00000d26
0xbf87bef0:   b751530c 00000000 bf87bf10 61f90c94
0xbf87bf00:   bf87bf4c bf87cf8c bf87cf68 617afcba
0xbf87bf10:   bf87cf5f bf87cf4c bf87cf50 bf87cf54
0xbf87bf20:   bf87cf58 08a4acd8 bf87cf8c 617afc5d
0xbf87bf30:   63dd3d3c 08a59a98 b77181a3 6204e288
0xbf87bf40:   00000001 0000270f b5e422cb e6bcb2e6 

Instructions: (pc=0x617afb42)
0x617afb22:   44 21 03 00 89 4d d0 e8 85 fc ff ff 8b 4d d0 83
0x617afb32:   3f 00 74 1f 83 3e 00 74 1a 8b 45 0c 8b 10 8b 01
0x617afb42:   66 8b 12 88 10 8b 45 0c 83 00 02 ff 0f ff 01 ff
0x617afb52:   0e eb dc 8d 65 f4 31 c0 5b 5e 5f 5d c3 90 55 89 

Register to memory mapping:

EAX=0xbf87cf50 is pointing into the stack for thread: 0x08427800
EBX=0x61f90c94: <offset 0x144dc94> in /usr/lib/xulrunner-2.0/libxul.so at 0x60b43000
ECX=0xbf87cf54 is pointing into the stack for thread: 0x08427800
EDX=0x008912a2 is an unknown value
ESP=0xbf87bed0 is pointing into the stack for thread: 0x08427800
EBP=0xbf87bf08 is pointing into the stack for thread: 0x08427800
ESI=0xbf87cf58 is pointing into the stack for thread: 0x08427800
EDI=0xbf87cf50 is pointing into the stack for thread: 0x08427800


Stack: [0xbf82f000,0xbf87f000],  sp=0xbf87bed0,  free space=307k
Native frames: (J=compiled Java code, j=interpreted, Vv=VM code, C=native code)
C  [libxul.so+0xc6cb42]  NS_UTF16ToCString_P+0x195cb
C  [libxul.so+0xc6ccba]  NS_UTF16ToCString_P+0x19743
C  [libxul.so+0xc790c6]  NS_NewLocalFile_P+0x28
C  [libxpcom.so+0x1db8]  NS_NewLocalFile+0x2b
j  org.eclipse.swt.internal.mozilla.XPCOM._NS_NewLocalFile(II[I)I+0
j  org.eclipse.swt.internal.mozilla.XPCOM.NS_NewLocalFile(II[I)I+10
j  org.eclipse.swt.browser.Mozilla.initXPCOM(Ljava/lang/String;Z)V+21
j  org.eclipse.swt.browser.Mozilla.create(Lorg/eclipse/swt/widgets/Composite;I)Z+575
j  org.eclipse.swt.browser.Browser.<init>(Lorg/eclipse/swt/widgets/Composite;I)V+302
j  org.eclipse.jdt.internal.ui.infoviews.JavadocView.internalCreatePartControl(Lorg/eclipse/swt/widgets/Composite;)V+7
j  org.eclipse.jdt.internal.ui.infoviews.AbstractInfoView.createPartControl(Lorg/eclipse/swt/widgets/Composite;)V+2
j  org.eclipse.ui.internal.ViewReference.createPartHelper()Lorg/eclipse/ui/IWorkbenchPart;+406
j  org.eclipse.ui.internal.ViewReference.createPart()Lorg/eclipse/ui/IWorkbenchPart;+5
j  org.eclipse.ui.internal.WorkbenchPartReference.getPart(Z)Lorg/eclipse/ui/IWorkbenchPart;+65
j  org.eclipse.ui.internal.PartPane.setVisible(Z)V+18
j  org.eclipse.ui.internal.ViewPane.setVisible(Z)V+2
j  org.eclipse.ui.internal.presentations.PresentablePart.setVisible(Z)V+17
j  org.eclipse.ui.internal.presentations.util.PresentablePartFolder.select(Lorg/eclipse/ui/presentations/IPresentablePart;)V+15
j  org.eclipse.ui.internal.presentations.util.LeftToRightTabOrder.select(Lorg/eclipse/ui/presentations/IPresentablePart;)V+5
j  org.eclipse.ui.internal.presentations.util.TabbedStackPresentation.selectPart(Lorg/eclipse/ui/presentations/IPresentablePart;)V+10
j  org.eclipse.ui.internal.PartStack.refreshPresentationSelection()V+117
j  org.eclipse.ui.internal.PartStack.createControl(Lorg/eclipse/swt/widgets/Composite;Lorg/eclipse/ui/presentations/StackPresentation;)V+146
j  org.eclipse.ui.internal.PartStack.createControl(Lorg/eclipse/swt/widgets/Composite;)V+49
j  org.eclipse.ui.internal.PartSashContainer.createControl(Lorg/eclipse/swt/widgets/Composite;)V+55
j  org.eclipse.ui.internal.PerspectiveHelper.activate(Lorg/eclipse/swt/widgets/Composite;)V+72
j  org.eclipse.ui.internal.Perspective.onActivate()V+225
j  org.eclipse.ui.internal.WorkbenchPage.onActivate()V+18
j  org.eclipse.ui.internal.WorkbenchWindow$27.run()V+107
j  org.eclipse.swt.custom.BusyIndicator.showWhile(Lorg/eclipse/swt/widgets/Display;Ljava/lang/Runnable;)V+116
j  org.eclipse.ui.internal.WorkbenchWindow.setActivePage(Lorg/eclipse/ui/IWorkbenchPage;)V+25
j  org.eclipse.ui.internal.WorkbenchWindow$21.runWithException()V+8
j  org.eclipse.ui.internal.StartupThreading$StartupRunnable.run()V+1
j  org.eclipse.swt.widgets.RunnableLock.run()V+11
j  org.eclipse.swt.widgets.Synchronizer.runAsyncMessages(Z)Z+29
j  org.eclipse.swt.widgets.Display.runAsyncMessages(Z)Z+5
j  org.eclipse.swt.widgets.Display.readAndDispatch()Z+58
j  org.eclipse.ui.application.WorkbenchAdvisor.openWindows()Z+44
j  org.eclipse.ui.internal.Workbench$31.runWithException()V+27
j  org.eclipse.ui.internal.StartupThreading$StartupRunnable.run()V+1
j  org.eclipse.swt.widgets.RunnableLock.run()V+11
j  org.eclipse.swt.widgets.Synchronizer.runAsyncMessages(Z)Z+29
j  org.eclipse.swt.widgets.Display.runAsyncMessages(Z)Z+5
j  org.eclipse.swt.widgets.Display.readAndDispatch()Z+58
j  org.eclipse.ui.internal.Workbench.runUI()I+329
j  org.eclipse.ui.internal.Workbench.access$4(Lorg/eclipse/ui/internal/Workbench;)I+1
j  org.eclipse.ui.internal.Workbench$7.run()V+55
j  org.eclipse.core.databinding.observable.Realm.runWithDefault(Lorg/eclipse/core/databinding/observable/Realm;Ljava/lang/Runnable;)V+12
j  org.eclipse.ui.internal.Workbench.createAndRunWorkbench(Lorg/eclipse/swt/widgets/Display;Lorg/eclipse/ui/application/WorkbenchAdvisor;)I+18
j  org.eclipse.ui.PlatformUI.createAndRunWorkbench(Lorg/eclipse/swt/widgets/Display;Lorg/eclipse/ui/application/WorkbenchAdvisor;)I+2
j  org.eclipse.ui.internal.ide.application.IDEApplication.start(Lorg/eclipse/equinox/app/IApplicationContext;)Ljava/lang/Object;+99
j  org.eclipse.equinox.internal.app.EclipseAppHandle.run(Ljava/lang/Object;)Ljava/lang/Object;+135
j  org.eclipse.core.runtime.internal.adaptor.EclipseAppLauncher.runApplication(Ljava/lang/Object;)Ljava/lang/Object;+103
j  org.eclipse.core.runtime.internal.adaptor.EclipseAppLauncher.start(Ljava/lang/Object;)Ljava/lang/Object;+29
j  org.eclipse.core.runtime.adaptor.EclipseStarter.run(Ljava/lang/Object;)Ljava/lang/Object;+149
j  org.eclipse.core.runtime.adaptor.EclipseStarter.run([Ljava/lang/String;Ljava/lang/Runnable;)Ljava/lang/Object;+183
v  ~StubRoutines::call_stub
V  [libjvm.so+0x24cc31]  AsyncGetCallTrace+0x6f421
V  [libjvm.so+0x38d0e8]  __int128+0x25b8
V  [libjvm.so+0x24ca5f]  AsyncGetCallTrace+0x6f24f
V  [libjvm.so+0x3bcb55]  JVM_handle_linux_signal+0x2ccc5
V  [libjvm.so+0x3bff17]  JVM_handle_linux_signal+0x30087
V  [libjvm.so+0x2cc52f]  JVM_InvokeMethod+0x1ff
C  [libjava.so+0x151f4]  Java_sun_reflect_NativeMethodAccessorImpl_invoke0+0x34
j  sun.reflect.NativeMethodAccessorImpl.invoke0(Ljava/lang/reflect/Method;Ljava/lang/Object;[Ljava/lang/Object;)Ljava/lang/Object;+0
j  sun.reflect.NativeMethodAccessorImpl.invoke(Ljava/lang/Object;[Ljava/lang/Object;)Ljava/lang/Object;+87
j  sun.reflect.DelegatingMethodAccessorImpl.invoke(Ljava/lang/Object;[Ljava/lang/Object;)Ljava/lang/Object;+6
j  java.lang.reflect.Method.invoke(Ljava/lang/Object;[Ljava/lang/Object;)Ljava/lang/Object;+161
j  org.eclipse.equinox.launcher.Main.invokeFramework([Ljava/lang/String;[Ljava/net/URL;)V+211
j  org.eclipse.equinox.launcher.Main.basicRun([Ljava/lang/String;)V+126
j  org.eclipse.equinox.launcher.Main.run([Ljava/lang/String;)I+4
v  ~StubRoutines::call_stub
V  [libjvm.so+0x24cc31]  AsyncGetCallTrace+0x6f421
V  [libjvm.so+0x38d0e8]  __int128+0x25b8
V  [libjvm.so+0x24ca5f]  AsyncGetCallTrace+0x6f24f
V  [libjvm.so+0x2811f7]  JNI_GetCreatedJavaVMs+0x817
V  [libjvm.so+0x26191e]  AsyncGetCallTrace+0x8410e
C  [eclipse_1310.so+0x7ff9]  short+0x418
C  [eclipse_1310.so+0x95bc]  short+0x24
C  [eclipse_1310.so+0x30ee]  run+0x588
C  [eclipse+0x10ee]  short+0x10ee

Java frames: (J=compiled Java code, j=interpreted, Vv=VM code)
j  org.eclipse.swt.internal.mozilla.XPCOM._NS_NewLocalFile(II[I)I+0
j  org.eclipse.swt.internal.mozilla.XPCOM.NS_NewLocalFile(II[I)I+10
j  org.eclipse.swt.browser.Mozilla.initXPCOM(Ljava/lang/String;Z)V+21
j  org.eclipse.swt.browser.Mozilla.create(Lorg/eclipse/swt/widgets/Composite;I)Z+575
j  org.eclipse.swt.browser.Browser.<init>(Lorg/eclipse/swt/widgets/Composite;I)V+302
j  org.eclipse.jdt.internal.ui.infoviews.JavadocView.internalCreatePartControl(Lorg/eclipse/swt/widgets/Composite;)V+7
j  org.eclipse.jdt.internal.ui.infoviews.AbstractInfoView.createPartControl(Lorg/eclipse/swt/widgets/Composite;)V+2
j  org.eclipse.ui.internal.ViewReference.createPartHelper()Lorg/eclipse/ui/IWorkbenchPart;+406
j  org.eclipse.ui.internal.ViewReference.createPart()Lorg/eclipse/ui/IWorkbenchPart;+5
j  org.eclipse.ui.internal.WorkbenchPartReference.getPart(Z)Lorg/eclipse/ui/IWorkbenchPart;+65
j  org.eclipse.ui.internal.PartPane.setVisible(Z)V+18
j  org.eclipse.ui.internal.ViewPane.setVisible(Z)V+2
j  org.eclipse.ui.internal.presentations.PresentablePart.setVisible(Z)V+17
j  org.eclipse.ui.internal.presentations.util.PresentablePartFolder.select(Lorg/eclipse/ui/presentations/IPresentablePart;)V+15
j  org.eclipse.ui.internal.presentations.util.LeftToRightTabOrder.select(Lorg/eclipse/ui/presentations/IPresentablePart;)V+5
j  org.eclipse.ui.internal.presentations.util.TabbedStackPresentation.selectPart(Lorg/eclipse/ui/presentations/IPresentablePart;)V+10
j  org.eclipse.ui.internal.PartStack.refreshPresentationSelection()V+117
j  org.eclipse.ui.internal.PartStack.createControl(Lorg/eclipse/swt/widgets/Composite;Lorg/eclipse/ui/presentations/StackPresentation;)V+146
j  org.eclipse.ui.internal.PartStack.createControl(Lorg/eclipse/swt/widgets/Composite;)V+49
j  org.eclipse.ui.internal.PartSashContainer.createControl(Lorg/eclipse/swt/widgets/Composite;)V+55
j  org.eclipse.ui.internal.PerspectiveHelper.activate(Lorg/eclipse/swt/widgets/Composite;)V+72
j  org.eclipse.ui.internal.Perspective.onActivate()V+225
j  org.eclipse.ui.internal.WorkbenchPage.onActivate()V+18
j  org.eclipse.ui.internal.WorkbenchWindow$27.run()V+107
j  org.eclipse.swt.custom.BusyIndicator.showWhile(Lorg/eclipse/swt/widgets/Display;Ljava/lang/Runnable;)V+116
j  org.eclipse.ui.internal.WorkbenchWindow.setActivePage(Lorg/eclipse/ui/IWorkbenchPage;)V+25
j  org.eclipse.ui.internal.WorkbenchWindow$21.runWithException()V+8
j  org.eclipse.ui.internal.StartupThreading$StartupRunnable.run()V+1
j  org.eclipse.swt.widgets.RunnableLock.run()V+11
j  org.eclipse.swt.widgets.Synchronizer.runAsyncMessages(Z)Z+29
j  org.eclipse.swt.widgets.Display.runAsyncMessages(Z)Z+5
j  org.eclipse.swt.widgets.Display.readAndDispatch()Z+58
j  org.eclipse.ui.application.WorkbenchAdvisor.openWindows()Z+44
j  org.eclipse.ui.internal.Workbench$31.runWithException()V+27
j  org.eclipse.ui.internal.StartupThreading$StartupRunnable.run()V+1
j  org.eclipse.swt.widgets.RunnableLock.run()V+11
j  org.eclipse.swt.widgets.Synchronizer.runAsyncMessages(Z)Z+29
j  org.eclipse.swt.widgets.Display.runAsyncMessages(Z)Z+5
j  org.eclipse.swt.widgets.Display.readAndDispatch()Z+58
j  org.eclipse.ui.internal.Workbench.runUI()I+329
j  org.eclipse.ui.internal.Workbench.access$4(Lorg/eclipse/ui/internal/Workbench;)I+1
j  org.eclipse.ui.internal.Workbench$7.run()V+55
j  org.eclipse.core.databinding.observable.Realm.runWithDefault(Lorg/eclipse/core/databinding/observable/Realm;Ljava/lang/Runnable;)V+12
j  org.eclipse.ui.internal.Workbench.createAndRunWorkbench(Lorg/eclipse/swt/widgets/Display;Lorg/eclipse/ui/application/WorkbenchAdvisor;)I+18
j  org.eclipse.ui.PlatformUI.createAndRunWorkbench(Lorg/eclipse/swt/widgets/Display;Lorg/eclipse/ui/application/WorkbenchAdvisor;)I+2
j  org.eclipse.ui.internal.ide.application.IDEApplication.start(Lorg/eclipse/equinox/app/IApplicationContext;)Ljava/lang/Object;+99
j  org.eclipse.equinox.internal.app.EclipseAppHandle.run(Ljava/lang/Object;)Ljava/lang/Object;+135
j  org.eclipse.core.runtime.internal.adaptor.EclipseAppLauncher.runApplication(Ljava/lang/Object;)Ljava/lang/Object;+103
j  org.eclipse.core.runtime.internal.adaptor.EclipseAppLauncher.start(Ljava/lang/Object;)Ljava/lang/Object;+29
j  org.eclipse.core.runtime.adaptor.EclipseStarter.run(Ljava/lang/Object;)Ljava/lang/Object;+149
j  org.eclipse.core.runtime.adaptor.EclipseStarter.run([Ljava/lang/String;Ljava/lang/Runnable;)Ljava/lang/Object;+183
v  ~StubRoutines::call_stub
j  sun.reflect.NativeMethodAccessorImpl.invoke0(Ljava/lang/reflect/Method;Ljava/lang/Object;[Ljava/lang/Object;)Ljava/lang/Object;+0
j  sun.reflect.NativeMethodAccessorImpl.invoke(Ljava/lang/Object;[Ljava/lang/Object;)Ljava/lang/Object;+87
j  sun.reflect.DelegatingMethodAccessorImpl.invoke(Ljava/lang/Object;[Ljava/lang/Object;)Ljava/lang/Object;+6
j  java.lang.reflect.Method.invoke(Ljava/lang/Object;[Ljava/lang/Object;)Ljava/lang/Object;+161
j  org.eclipse.equinox.launcher.Main.invokeFramework([Ljava/lang/String;[Ljava/net/URL;)V+211
j  org.eclipse.equinox.launcher.Main.basicRun([Ljava/lang/String;)V+126
j  org.eclipse.equinox.launcher.Main.run([Ljava/lang/String;)I+4
v  ~StubRoutines::call_stub

---------------  P R O C E S S  ---------------

Java Threads: ( => current thread )
  0x089fa800 JavaThread "org.eclipse.jdt.internal.ui.text.JavaReconciler" daemon [_thread_blocked, id=28209, stack(0x62185000,0x621d6000)]
  0x08527000 JavaThread "17325714@qtp-5268389-1 - Acceptor0 SocketConnector@0.0.0.0:50313" [_thread_in_native, id=28194, stack(0x6256a000,0x625bb000)]
  0x088d5400 JavaThread "16070376@qtp-5268389-0" [_thread_blocked, id=28193, stack(0x625bb000,0x6260c000)]
  0x62bd7000 JavaThread "Java indexing" daemon [_thread_blocked, id=28192, stack(0x62845000,0x62896000)]
  0x086f1400 JavaThread "Thread-2" [_thread_blocked, id=28191, stack(0x62a5e000,0x62aaf000)]
  0x086a7000 JavaThread "Thread-1" [_thread_blocked, id=28190, stack(0x62aaf000,0x62b00000)]
  0x0866a800 JavaThread "Worker-0" [_thread_blocked, id=28189, stack(0x63226000,0x63277000)]
  0x634f4400 JavaThread "Worker-JM" [_thread_blocked, id=28188, stack(0x6305e000,0x630af000)]
  0x6346e800 JavaThread "[Timer] - Main Queue Handler" daemon [_thread_blocked, id=28187, stack(0x630af000,0x63100000)]
  0x634ae800 JavaThread "Framework Event Dispatcher" daemon [_thread_blocked, id=28185, stack(0x63277000,0x632c8000)]
  0x6347b800 JavaThread "Start Level Event Dispatcher" daemon [_thread_blocked, id=28184, stack(0x632c8000,0x63319000)]
  0x634ad000 JavaThread "State Data Manager" daemon [_thread_blocked, id=28183, stack(0x63319000,0x6336a000)]
  0x63402400 JavaThread "Low Memory Detector" daemon [_thread_blocked, id=28181, stack(0x6351b000,0x6356c000)]
  0x63400800 JavaThread "C1 CompilerThread0" daemon [_thread_blocked, id=28180, stack(0x6356c000,0x635ed000)]
  0x08486400 JavaThread "Signal Dispatcher" daemon [_thread_blocked, id=28179, stack(0x635ed000,0x6363e000)]
  0x08475400 JavaThread "Finalizer" daemon [_thread_blocked, id=28178, stack(0x6363e000,0x6368f000)]
  0x08473c00 JavaThread "Reference Handler" daemon [_thread_blocked, id=28177, stack(0x6368f000,0x636e0000)]
=>0x08427800 JavaThread "main" [_thread_in_native, id=28162, stack(0xbf82f000,0xbf87f000)]

Other Threads:
  0x08470000 VMThread [stack: 0x636e0000,0x63761000] [id=28176]
  0x63404c00 WatcherThread [stack: 0x6337f000,0x63400000] [id=28182]

VM state:not at safepoint (normal execution)

VM Mutex/Monitor currently owned by a thread: None

Heap
 def new generation   total 12352K, used 891K [0x63db0000, 0x64b10000, 0x73db0000)
  eden space 11008K,   2% used [0x63db0000, 0x63de9560, 0x64870000)
  from space 1344K,  49% used [0x649c0000, 0x64a65828, 0x64b10000)
  to   space 1344K,   0% used [0x64870000, 0x64870000, 0x649c0000)
 tenured generation   total 27328K, used 14271K [0x73db0000, 0x75860000, 0x93db0000)
   the space 27328K,  52% used [0x73db0000, 0x74b9fe60, 0x74ba0000, 0x75860000)
 compacting perm gen  total 36352K, used 36217K [0x93db0000, 0x96130000, 0xb3db0000)
   the space 36352K,  99% used [0x93db0000, 0x9610e640, 0x9610e800, 0x96130000)
No shared spaces configured.

Code Cache  [0xb3e3a000, 0xb40da000, 0xb5e3a000)
 total_blobs=1235 nmethods=1016 adapters=154 free_code_cache=30825984 largest_free_block=192

Dynamic libraries:
08048000-0804c000 r-xp 00000000 08:02 3686594    /usr/share/eclipse/eclipse
0804c000-0804d000 rw-p 00003000 08:02 3686594    /usr/share/eclipse/eclipse
083cf000-08aec000 rw-p 00000000 00:00 0          [heap]
60388000-6038b000 r-xp 00000000 08:02 5185846    /lib/libuuid.so.1.3.0
6038b000-6038c000 rw-p 00002000 08:02 5185846    /lib/libuuid.so.1.3.0
6038c000-6038f000 r-xp 00000000 08:02 442796     /usr/lib/libxcb-atom.so.1.0.0
6038f000-60390000 rw-p 00002000 08:02 442796     /usr/lib/libxcb-atom.so.1.0.0
60390000-60392000 r-xp 00000000 08:02 442798     /usr/lib/libxcb-event.so.1.0.0
60392000-60393000 rw-p 00001000 08:02 442798     /usr/lib/libxcb-event.so.1.0.0
60393000-60395000 r-xp 00000000 08:02 442795     /usr/lib/libxcb-aux.so.0.0.0
60395000-60396000 rw-p 00001000 08:02 442795     /usr/lib/libxcb-aux.so.0.0.0
60396000-603aa000 r-xp 00000000 08:02 442526     /usr/lib/libICE.so.6.3.0
603aa000-603ab000 rw-p 00013000 08:02 442526     /usr/lib/libICE.so.6.3.0
603ab000-603ad000 rw-p 00000000 00:00 0 
603ad000-603b3000 r-xp 00000000 08:02 442533     /usr/lib/libSM.so.6.0.1
603b3000-603b4000 rw-p 00005000 08:02 442533     /usr/lib/libSM.so.6.0.1
603b4000-603bb000 r-xp 00000000 08:02 442806     /usr/lib/libstartup-notification-1.so.0.0.0
603bb000-603bc000 rw-p 00006000 08:02 442806     /usr/lib/libstartup-notification-1.so.0.0.0
603bc000-60409000 r-xp 00000000 08:02 442534     /usr/lib/libXt.so.6.0.0
60409000-6040d000 rw-p 0004c000 08:02 442534     /usr/lib/libXt.so.6.0.0
6040d000-60448000 r-xp 00000000 08:02 3622531    /usr/lib/libdbus-1.so.3.5.3
60448000-60449000 r--p 0003b000 08:02 3622531    /usr/lib/libdbus-1.so.3.5.3
60449000-6044a000 rw-p 0003c000 08:02 3622531    /usr/lib/libdbus-1.so.3.5.3
6044a000-6044c000 r-xp 00000000 08:02 3891702    /usr/lib/xulrunner-2.0/libmozalloc.so
6044c000-6044d000 rw-p 00001000 08:02 3891702    /usr/lib/xulrunner-2.0/libmozalloc.so
6044d000-60516000 r-xp 00000000 08:02 3622480    /usr/lib/libasound.so.2.0.0
60516000-6051a000 rw-p 000c9000 08:02 3622480    /usr/lib/libasound.so.2.0.0
6051a000-60553000 r-xp 00000000 08:02 443346     /usr/lib/libevent-2.0.so.5.0.1
60553000-60554000 rw-p 00039000 08:02 443346     /usr/lib/libevent-2.0.so.5.0.1
60554000-605a7000 r-xp 00000000 08:02 443327     /usr/lib/libhunspell-1.2.so.0.0.0
605a7000-605ab000 rw-p 00053000 08:02 443327     /usr/lib/libhunspell-1.2.so.0.0.0
605ab000-605c0000 r-xp 00000000 08:02 443322     /usr/lib/libnssutil3.so
605c0000-605c3000 rw-p 00015000 08:02 443322     /usr/lib/libnssutil3.so
605c3000-606d1000 r-xp 00000000 08:02 443318     /usr/lib/libnss3.so
606d1000-606d5000 rw-p 0010d000 08:02 443318     /usr/lib/libnss3.so
606d5000-606d6000 rw-p 00000000 00:00 0 
606d6000-606f8000 r-xp 00000000 08:02 443325     /usr/lib/libsmime3.so
606f8000-606fa000 rw-p 00022000 08:02 443325     /usr/lib/libsmime3.so
606fa000-60726000 r-xp 00000000 08:02 443315     /usr/lib/libssl3.so
60726000-60728000 rw-p 0002c000 08:02 443315     /usr/lib/libssl3.so
60728000-60a06000 r-xp 00000000 08:02 3891703    /usr/lib/xulrunner-2.0/libmozjs.so
60a06000-60a57000 rw-p 002de000 08:02 3891703    /usr/lib/xulrunner-2.0/libmozjs.so
60a57000-60a58000 rw-p 00000000 00:00 0 
60a58000-60a95000 r-xp 00000000 08:02 442680     /usr/lib/libjpeg.so.8.0.2
60a95000-60a96000 rw-p 0003d000 08:02 442680     /usr/lib/libjpeg.so.8.0.2
60a96000-60aa6000 rw-p 00000000 00:00 0 
60aa6000-60b40000 r-xp 00000000 08:02 3627738    /usr/lib/libsqlite3.so.0.8.6
60b40000-60b43000 rw-p 00099000 08:02 3627738    /usr/lib/libsqlite3.so.0.8.6
60b43000-61e9a000 r-xp 00000000 08:02 3891705    /usr/lib/xulrunner-2.0/libxul.so
61e9a000-61fc6000 rw-p 01357000 08:02 3891705    /usr/lib/xulrunner-2.0/libxul.so
61fc6000-61ff8000 rw-p 00000000 00:00 0 
61ff8000-61ffb000 r-xp 00000000 08:02 443313     /usr/lib/libplc4.so
61ffb000-61ffc000 rw-p 00002000 08:02 443313     /usr/lib/libplc4.so
61ffc000-61ffe000 r-xp 00000000 08:02 443312     /usr/lib/libplds4.so
61ffe000-61fff000 rw-p 00001000 08:02 443312     /usr/lib/libplds4.so
61fff000-6202f000 r-xp 00000000 08:02 443314     /usr/lib/libnspr4.so
6202f000-62031000 rw-p 0002f000 08:02 443314     /usr/lib/libnspr4.so
62031000-62032000 rw-p 00000000 00:00 0 
62032000-62035000 r-xp 00000000 08:02 3891704    /usr/lib/xulrunner-2.0/libxpcom.so
62035000-62036000 rw-p 00003000 08:02 3891704    /usr/lib/xulrunner-2.0/libxpcom.so
62036000-6204e000 r-xp 00000000 08:02 7684304    /home/steve/.eclipse/org.eclipse.platform_3.6.1_1543616141/configuration/org.eclipse.osgi/bundles/246/1/.cp/libswt-mozilla-gtk-3659.so
6204e000-6204f000 rw-p 00018000 08:02 7684304    /home/steve/.eclipse/org.eclipse.platform_3.6.1_1543616141/configuration/org.eclipse.osgi/bundles/246/1/.cp/libswt-mozilla-gtk-3659.so
6204f000-6206b000 r-xp 00000000 08:02 444059     /usr/lib/libgcc_s.so.1
6206b000-6206c000 rw-p 0001b000 08:02 444059     /usr/lib/libgcc_s.so.1
6206c000-6214e000 r-xp 00000000 08:02 3622077    /usr/lib/libstdc++.so.6.0.16
6214e000-62152000 r--p 000e1000 08:02 3622077    /usr/lib/libstdc++.so.6.0.16
62152000-62153000 rw-p 000e5000 08:02 3622077    /usr/lib/libstdc++.so.6.0.16
62153000-6215a000 rw-p 00000000 00:00 0 
6216d000-62170000 r-xp 00000000 08:02 3729594    /usr/lib/gconv/UTF-16.so
62170000-62171000 r--p 00002000 08:02 3729594    /usr/lib/gconv/UTF-16.so
62171000-62172000 rw-p 00003000 08:02 3729594    /usr/lib/gconv/UTF-16.so
62172000-62177000 r-xp 00000000 08:02 7684364    /home/steve/.eclipse/org.eclipse.platform_3.6.1_1543616141/configuration/org.eclipse.osgi/bundles/246/1/.cp/libswt-xpcominit-gtk-3659.so
62177000-62179000 rw-p 00005000 08:02 7684364    /home/steve/.eclipse/org.eclipse.platform_3.6.1_1543616141/configuration/org.eclipse.osgi/bundles/246/1/.cp/libswt-xpcominit-gtk-3659.so
62179000-6217b000 r--s 0000e000 08:02 3687120    /usr/share/eclipse/plugins/org.eclipse.compare.core_3.5.101.R36x_v20100929-0800.jar
6217b000-62185000 r--s 00066000 08:02 3687047    /usr/share/eclipse/plugins/org.eclipse.ltk.ui.refactoring_3.5.0.v20100526-0800.jar
62185000-62188000 ---p 00000000 00:00 0 
62188000-621d6000 rwxp 00000000 00:00 0 
621d6000-621d9000 ---p 00000000 00:00 0 
621d9000-62227000 rwxp 00000000 00:00 0 
62227000-6222a000 ---p 00000000 00:00 0 
6222a000-62278000 rwxp 00000000 00:00 0 
62278000-6227b000 ---p 00000000 00:00 0 
6227b000-622c9000 rwxp 00000000 00:00 0 
622c9000-622cc000 ---p 00000000 00:00 0 
622cc000-6231a000 rwxp 00000000 00:00 0 
6231a000-6231e000 r--s 00044000 08:02 3686989    /usr/share/eclipse/plugins/org.eclipse.jdt.launching_3.5.200.v20110105_r362.jar
6231e000-62325000 r--s 0003c000 08:02 8552776    /home/steve/.eclipse/org.eclipse.platform_3.6.1_1543616141/plugins/org.eclipse.wst.common.snippets_1.2.2.v201101130441.jar
62325000-6235c000 r--p 00000000 08:02 3811038    /usr/share/fonts/TTF/DejaVuSansMono-BoldOblique.ttf
6235c000-62395000 r--p 00000000 08:02 3811032    /usr/share/fonts/TTF/DejaVuSansMono-Oblique.ttf
62395000-623e0000 r--p 00000000 08:02 3811030    /usr/share/fonts/TTF/DejaVuSansMono-Bold.ttf
623e0000-6242f000 r--p 00000000 08:02 3811028    /usr/share/fonts/TTF/DejaVuSansMono.ttf
6242f000-62449000 r--s 0012c000 08:02 3686817    /usr/share/eclipse/plugins/org.eclipse.jdt.debug.ui_3.5.2.v20100928a_r362.jar
62449000-62450000 r--s 00048000 08:02 3686963    /usr/share/eclipse/plugins/org.eclipse.ltk.core.refactoring_3.5.101.r362_v20101117-0800.jar
62450000-624dd000 r--p 00000000 08:02 3811034    /usr/share/fonts/TTF/DejaVuSans-BoldOblique.ttf
624dd000-6256a000 r--p 00000000 08:02 3811029    /usr/share/fonts/TTF/DejaVuSans-Oblique.ttf
6256a000-6256d000 ---p 00000000 00:00 0 
6256d000-625bb000 rwxp 00000000 00:00 0 
625bb000-625be000 ---p 00000000 00:00 0 
625be000-6260c000 rwxp 00000000 00:00 0 
6260c000-6260f000 r--s 0001b000 08:02 3686852    /usr/share/eclipse/plugins/javax.servlet_2.5.0.v200910301333.jar
6260f000-62613000 r--s 0002c000 08:02 3686819    /usr/share/eclipse/plugins/org.mortbay.jetty.util_6.1.23.v201004211559.jar
62613000-6261a000 r--s 00082000 08:02 3686905    /usr/share/eclipse/plugins/org.mortbay.jetty.server_6.1.23.v201004211559.jar
6261a000-6261d000 r--s 00005000 08:02 8552922    /home/steve/.eclipse/org.eclipse.platform_3.6.1_1543616141/plugins/com.google.gdt.eclipse.platform.e36_2.2.1.v201103311225.jar
6261d000-62625000 r--s 0004c000 08:02 3687063    /usr/share/eclipse/plugins/org.eclipse.debug.core_3.6.0.v20100519.jar
62625000-6262e000 r--s 00142000 08:02 8552677    /home/steve/.eclipse/org.eclipse.platform_3.6.1_1543616141/plugins/com.google.gdt.eclipse.core_2.2.1.v201103311225.jar
6262e000-62670000 r--s 0043d000 08:02 8593413    /home/steve/.eclipse/org.eclipse.platform_3.6.1_1543616141/configuration/org.eclipse.osgi/bundles/338/1/.cp/libs/gwt-dev-tools.jar
62670000-62681000 r--s 004f7000 08:02 8552939    /home/steve/.eclipse/org.eclipse.platform_3.6.1_1543616141/plugins/com.google.gwt.eclipse.core_2.2.1.v201103311225.jar
62681000-62700000 r--s 0073f000 08:02 8552651    /home/steve/.eclipse/org.eclipse.platform_3.6.1_1543616141/plugins/org.eclipse.wst.jsdt.ui_1.1.4.v201102160540.jar
62700000-6275a000 rw-p 00000000 00:00 0 
6275a000-62800000 ---p 00000000 00:00 0 
62801000-6280a000 r--s 0005a000 08:02 3687012    /usr/share/eclipse/plugins/org.eclipse.pde.api.tools.ui_1.0.201.v20100820_r361.jar
6280a000-62826000 r--s 00141000 08:02 3687072    /usr/share/eclipse/plugins/org.eclipse.team.ui_3.5.102.R36x_v20110203-1036.jar
62826000-6282a000 r--s 0001e000 08:02 3686913    /usr/share/eclipse/plugins/org.eclipse.ui.views.log_1.0.100.v20110210_r362.jar
6282a000-6282d000 r--s 00019000 08:02 3687114    /usr/share/eclipse/plugins/org.eclipse.pde.launching_3.6.0.v20100601.jar
6282d000-62836000 r--s 00056000 08:02 3686792    /usr/share/eclipse/plugins/org.eclipse.team.core_3.5.101.R36x_v20110203-1036.jar
62836000-62839000 r--s 00019000 08:02 3687038    /usr/share/eclipse/plugins/org.eclipse.core.filebuffers_3.5.100.v20100520-0800.jar
62839000-6283c000 r--s 00012000 08:02 3687069    /usr/share/eclipse/plugins/org.eclipse.jdt.core.manipulation_1.3.0.v20100520-0800.jar
6283c000-62845000 r--s 00069000 08:02 3687100    /usr/share/eclipse/plugins/org.eclipse.search_3.6.0.v20100520-0800.jar
62845000-62848000 ---p 00000000 00:00 0 
62848000-62896000 rwxp 00000000 00:00 0 
62896000-6289e000 r--s 00115000 08:02 1630280    /opt/java/jre/lib/resources.jar
6289e000-6289f000 r--s 00000000 08:02 8552954    /home/steve/.eclipse/org.eclipse.platform_3.6.1_1543616141/plugins/org.eclipse.wb.jdt.fragment_0.9.0.r36x201103301742.jar
6289f000-628a1000 r--s 0000c000 08:02 3686962    /usr/share/eclipse/plugins/org.eclipse.jdt.compiler.tool_1.0.100.v_A76_R36x.jar
628a1000-628a4000 r--s 00023000 08:02 3687068    /usr/share/eclipse/plugins/org.eclipse.jdt.compiler.apt_1.0.300.v20100513-0845.jar
628a4000-628cd000 r--s 00425000 08:02 3687004    /usr/share/eclipse/plugins/org.eclipse.jdt.core_3.6.2.v_A76_R36x.jar
628cd000-628d9000 r--s 00082000 08:02 3686886    /usr/share/eclipse/plugins/org.eclipse.ui.workbench.texteditor_3.6.1.r361_v20100714-0800.jar
628d9000-628de000 r--s 00038000 08:02 3686861    /usr/share/eclipse/plugins/org.eclipse.text_3.5.0.v20100601-1300.jar
628de000-628e9000 r--s 0007d000 08:02 3686990    /usr/share/eclipse/plugins/org.eclipse.ui.editors_3.6.1.r361_v20100825-0800.jar
628e9000-628fc000 r--s 000dc000 08:02 3686966    /usr/share/eclipse/plugins/org.eclipse.jface.text_3.6.1.r361_v20100825-0800.jar
628fc000-62905000 r--s 0005b000 08:02 3687095    /usr/share/eclipse/plugins/org.eclipse.jdt.junit_3.6.1.r361_v20100825-0800.jar
62905000-62936000 r--s 00240000 08:02 3687045    /usr/share/eclipse/plugins/org.eclipse.debug.ui_3.6.3.v20101201_r362.jar
62936000-6293a000 r--s 00024000 08:02 3686923    /usr/share/eclipse/plugins/org.eclipse.ui.console_3.5.0.v20100526.jar
6293a000-6293d000 r--s 00013000 08:02 3686968    /usr/share/eclipse/plugins/org.eclipse.ui.views_3.5.1.M20110202-0800.jar
6293d000-62947000 r-xp 00000000 08:02 7684240    /home/steve/.eclipse/org.eclipse.platform_3.6.1_1543616141/configuration/org.eclipse.osgi/bundles/246/1/.cp/libswt-cairo-gtk-3659.so
62947000-62948000 rw-p 00009000 08:02 7684240    /home/steve/.eclipse/org.eclipse.platform_3.6.1_1543616141/configuration/org.eclipse.osgi/bundles/246/1/.cp/libswt-cairo-gtk-3659.so
62948000-6294b000 rw-s 00000000 00:04 161316868  /SYSV00000000 (deleted)
6294b000-62965000 r--s 00121000 08:02 8552841    /home/steve/.eclipse/org.eclipse.platform_3.6.1_1543616141/plugins/org.eclipse.wst.xsd.ui_1.2.304.v201101251958.jar
62965000-6296b000 r--s 00030000 08:02 8552747    /home/steve/.eclipse/org.eclipse.platform_3.6.1_1543616141/plugins/org.eclipse.wst.dtd.ui_1.0.500.v201004290328.jar
6296b000-629b4000 r--s 003b8000 08:02 3686900    /usr/share/eclipse/plugins/org.eclipse.pde.ui_3.6.1.v20110210_r362.jar
629b4000-62a46000 r--s 008f6000 08:02 3686847    /usr/share/eclipse/plugins/org.eclipse.jdt.ui_3.6.2.r362_v20110203.jar
62a46000-62a4d000 r--s 0005b000 08:02 3686982    /usr/share/eclipse/plugins/org.eclipse.help.base_3.5.3.v201102101200.jar
62a4d000-62a5e000 r--s 000d5000 08:02 8552806    /home/steve/.eclipse/org.eclipse.platform_3.6.1_1543616141/plugins/org.eclipse.wst.xml.ui_1.1.103.v201101122108.jar
62a5e000-62a61000 ---p 00000000 00:00 0 
62a61000-62aaf000 rwxp 00000000 00:00 0 
62aaf000-62ab2000 ---p 00000000 00:00 0 
62ab2000-62b00000 rwxp 00000000 00:00 0 
62b00000-62c00000 rw-p 00000000 00:00 0 
62c00000-62c01000 r--s 00001000 08:02 8552923    /home/steve/.eclipse/org.eclipse.platform_3.6.1_1543616141/plugins/com.google.gdt.eclipse.platform.shared_2.2.1.v201103311225.jar
62c01000-62c03000 r--s 00010000 08:02 3687135    /usr/share/eclipse/plugins/org.eclipse.pde_3.6.1.v201102101200.jar
62c03000-62c05000 r--s 00009000 08:02 3686783    /usr/share/eclipse/plugins/org.eclipse.jdt_3.6.1.v201102101200.jar
62c05000-62c09000 r--s 0003b000 08:02 3686878    /usr/share/eclipse/plugins/org.eclipse.help_3.5.0.v20100524.jar
62c09000-62c0e000 r--s 0002a000 08:02 3687078    /usr/share/eclipse/plugins/org.eclipse.ui.browser_3.3.1.r36_20101216.jar
62c0e000-62c18000 r--s 0006e000 08:02 3687058    /usr/share/eclipse/plugins/org.eclipse.help.ui_3.5.3.r36_20101116.jar
62c18000-62c20000 r--s 00049000 08:02 3686970    /usr/share/eclipse/plugins/org.eclipse.ui.cheatsheets_3.4.0.v20100427.jar
62c20000-62c24000 r--s 00023000 08:02 3686967    /usr/share/eclipse/plugins/org.eclipse.pde.runtime_3.4.200.v20100601.jar
62c24000-62c27000 r--s 00013000 08:02 3686849    /usr/share/eclipse/plugins/org.eclipse.core.expressions_3.4.200.v20100505.jar
62c27000-62c48000 r--s 00607000 08:02 3687121    /usr/share/eclipse/plugins/com.ibm.icu_4.2.1.v20100412.jar
62c48000-62c50000 r--s 0003b000 08:02 3687071    /usr/share/eclipse/plugins/org.eclipse.core.databinding.observable_1.3.0.I20100601-0800.jar
62c50000-62c58000 r--s 0003a000 08:02 3686856    /usr/share/eclipse/plugins/org.eclipse.jface.databinding_1.4.0.I20100601-0800.jar
62c58000-62c5a000 r--s 0000b000 08:02 3686934    /usr/share/eclipse/plugins/org.eclipse.core.filesystem_1.3.1.R36x_v20100727-0745.jar
62c5a000-62c66000 r--s 000b2000 08:02 3686812    /usr/share/eclipse/plugins/org.eclipse.core.resources_3.6.1.R36x_v20110131-1630.jar
62c66000-62d01000 r--p 00000000 08:02 3811043    /usr/share/fonts/TTF/DejaVuSans-Bold.ttf
62d01000-62d0a000 r-xp 00000000 08:02 7684197    /home/steve/.eclipse/org.eclipse.platform_3.6.1_1543616141/configuration/org.eclipse.osgi/bundles/246/1/.cp/libswt-atk-gtk-3659.so
62d0a000-62d0b000 rw-p 00008000 08:02 7684197    /home/steve/.eclipse/org.eclipse.platform_3.6.1_1543616141/configuration/org.eclipse.osgi/bundles/246/1/.cp/libswt-atk-gtk-3659.so
62d0b000-62d31000 r--s 0020a000 08:02 3686941    /usr/share/eclipse/plugins/org.eclipse.ui.ide_3.6.2.M20101201-0800.jar
62d31000-62dd8000 r--p 00000000 08:02 3811041    /usr/share/fonts/TTF/DejaVuSans.ttf
62dd8000-62de8000 r--s 00000000 08:02 3530763    /var/cache/fontconfig/8d4af663993b81a124ee82e610bb31f9-le32d4.cache-3
62de8000-62e00000 r--s 00000000 08:02 3530826    /var/cache/fontconfig/f6b893a7224233d96cb72fd88691c0b4-le32d4.cache-3
62e00000-62e41000 r--s 00000000 08:02 3530778    /var/cache/fontconfig/17090aa38d5c6f09fb8c5c354938f1d7-le32d4.cache-3
62e41000-62e82000 r--s 00000000 08:02 3530776    /var/cache/fontconfig/df311e82a1a24c41a75c2c930223552e-le32d4.cache-3
62e82000-62e86000 r-xp 00000000 08:02 442809     /usr/lib/libXtst.so.6.1.0
62e86000-62e87000 rw-p 00003000 08:02 442809     /usr/lib/libXtst.so.6.1.0
62e87000-62e88000 r--s 00003000 08:02 3686931    /usr/share/eclipse/plugins/org.eclipse.cvs_1.0.500.v201102101200.jar
62e88000-62e89000 r--s 00003000 08:02 3687039    /usr/share/eclipse/plugins/org.eclipse.rcp_3.6.0.v201102101200.jar
62e89000-62e8c000 r--s 00014000 08:02 3686964    /usr/share/eclipse/plugins/org.eclipse.core.contenttype_3.4.100.v20100505-1235.jar
62e8c000-62e8e000 r-xp 00000000 08:02 7676074    /home/steve/.eclipse/org.eclipse.platform_3.6.1_1543616141/configuration/org.eclipse.osgi/bundles/30/1/.cp/os/linux/x86/libunixfile_1_0_0.so
62e8e000-62e8f000 rw-p 00001000 08:02 7676074    /home/steve/.eclipse/org.eclipse.platform_3.6.1_1543616141/configuration/org.eclipse.osgi/bundles/30/1/.cp/os/linux/x86/libunixfile_1_0_0.so
62e8f000-62e94000 r-xp 00000000 08:02 3712194    /usr/lib/gdk-pixbuf-2.0/2.10.0/loaders/libpixbufloader-gif.so
62e94000-62e95000 rw-p 00005000 08:02 3712194    /usr/lib/gdk-pixbuf-2.0/2.10.0/loaders/libpixbufloader-gif.so
62e95000-62e9b000 r--s 00000000 08:02 3530841    /var/cache/fontconfig/d62e99ef547d1d24cdb1bd22ec1a2976-le32d4.cache-3
62e9b000-62e9f000 rwxp 00000000 00:00 0 
62e9f000-62ef8000 r-xp 00000000 08:02 7684184    /home/steve/.eclipse/org.eclipse.platform_3.6.1_1543616141/configuration/org.eclipse.osgi/bundles/246/1/.cp/libswt-pi-gtk-3659.so
62ef8000-62efa000 rw-p 00058000 08:02 7684184    /home/steve/.eclipse/org.eclipse.platform_3.6.1_1543616141/configuration/org.eclipse.osgi/bundles/246/1/.cp/libswt-pi-gtk-3659.so
62efa000-62efb000 rw-p 00000000 00:00 0 
62efb000-62efe000 r-xp 00000000 08:02 7684183    /home/steve/.eclipse/org.eclipse.platform_3.6.1_1543616141/configuration/org.eclipse.osgi/bundles/246/1/.cp/libswt-gtk-3659.so
62efe000-62eff000 rw-p 00002000 08:02 7684183    /home/steve/.eclipse/org.eclipse.platform_3.6.1_1543616141/configuration/org.eclipse.osgi/bundles/246/1/.cp/libswt-gtk-3659.so
62eff000-62f00000 rw-p 00000000 00:00 0 
62f00000-62ffe000 rw-p 00000000 00:00 0 
62ffe000-63000000 ---p 00000000 00:00 0 
63000000-63002000 r--s 00017000 08:02 3686835    /usr/share/eclipse/plugins/org.eclipse.update.configurator_3.3.100.v20100512.jar
63002000-63003000 r--s 00002000 08:02 3686973    /usr/share/eclipse/plugins/org.eclipse.core.filesystem.linux.x86_1.4.0.v20100505-1235.jar
63003000-63017000 r--s 00213000 08:02 3686771    /usr/share/eclipse/plugins/org.eclipse.swt.gtk.linux.x86_3.6.2.v3659b.jar
63017000-6305e000 r--s 003ab000 08:02 3687074    /usr/share/eclipse/plugins/org.eclipse.ui.workbench_3.6.2.M20110210-1200.jar
6305e000-63061000 ---p 00000000 00:00 0 
63061000-630af000 rwxp 00000000 00:00 0 
630af000-630b2000 ---p 00000000 00:00 0 
630b2000-63100000 rwxp 00000000 00:00 0 
63100000-63200000 rw-p 00000000 00:00 0 
63200000-63204000 r--s 00017000 08:02 3686954    /usr/share/eclipse/plugins/org.eclipse.core.commands_3.6.0.I20100512-1500.jar
63204000-63209000 r--s 00021000 08:02 3687003    /usr/share/eclipse/plugins/org.eclipse.ui_3.6.2.M20110203-1100.jar
63209000-6320a000 r--s 00004000 08:02 3686816    /usr/share/eclipse/plugins/org.eclipse.swt_3.6.2.v3659c.jar
6320a000-6321f000 r--s 000f1000 08:02 3687077    /usr/share/eclipse/plugins/org.eclipse.jface_3.6.2.M20110210-1200.jar
6321f000-63221000 r--s 00001000 08:02 3687730    /usr/share/eclipse/plugins/org.eclipse.ui.workbench.compatibility_3.2.100.I20100511-0800/compatibility.jar
63221000-63223000 r--s 0000e000 08:02 3686773    /usr/share/eclipse/plugins/org.eclipse.ui.ide.application_1.0.201.M20100707-0800.jar
63223000-63226000 r--s 0000e000 08:02 3686829    /usr/share/eclipse/plugins/org.eclipse.equinox.p2.core_2.0.3.R36x_v20110111.jar
63226000-63229000 ---p 00000000 00:00 0 
63229000-63277000 rwxp 00000000 00:00 0 
63277000-6327a000 ---p 00000000 00:00 0 
6327a000-632c8000 rwxp 00000000 00:00 0 
632c8000-632cb000 ---p 00000000 00:00 0 
632cb000-63319000 rwxp 00000000 00:00 0 
63319000-6331c000 ---p 00000000 00:00 0 
6331c000-6336a000 rwxp 00000000 00:00 0 
6336a000-6337e000 r-xp 00000000 08:02 1630992    /opt/java/jre/lib/i386/libnet.so
6337e000-6337f000 rw-p 00013000 08:02 1630992    /opt/java/jre/lib/i386/libnet.so
6337f000-63380000 ---p 00000000 00:00 0 
63380000-63400000 rwxp 00000000 00:00 0 
63400000-63500000 rw-p 00000000 00:00 0 
63500000-63502000 r--s 00015000 08:02 3687005    /usr/share/eclipse/plugins/org.eclipse.core.runtime.compatibility_3.2.100.v20100505.jar
63502000-63504000 r--s 00013000 08:02 3687022    /usr/share/eclipse/plugins/org.eclipse.equinox.app_1.3.1.R36x_v20100803.jar
63504000-63507000 r--s 00014000 08:02 3687008    /usr/share/eclipse/plugins/org.eclipse.core.jobs_3.5.1.R36x_v20100824.jar
63507000-6350a000 r--s 00019000 08:02 3686862    /usr/share/eclipse/plugins/org.eclipse.equinox.preferences_3.3.0.v20100503.jar
6350a000-6351b000 r--s 00108000 08:02 3686885    /usr/share/eclipse/plugins/org.eclipse.osgi_3.6.2.R36x_v20110210.jar
6351b000-6351e000 ---p 00000000 00:00 0 
6351e000-6356c000 rwxp 00000000 00:00 0 
6356c000-6356f000 ---p 00000000 00:00 0 
6356f000-635ed000 rwxp 00000000 00:00 0 
635ed000-635f0000 ---p 00000000 00:00 0 
635f0000-6363e000 rwxp 00000000 00:00 0 
6363e000-63641000 ---p 00000000 00:00 0 
63641000-6368f000 rwxp 00000000 00:00 0 
6368f000-63692000 ---p 00000000 00:00 0 
63692000-636e0000 rwxp 00000000 00:00 0 
636e0000-636e1000 ---p 00000000 00:00 0 
636e1000-63761000 rwxp 00000000 00:00 0 
63761000-63795000 rw-p 00000000 00:00 0 
63795000-6392d000 r--s 0302a000 08:02 1630314    /opt/java/jre/lib/rt.jar
6392d000-6393f000 rw-p 00000000 00:00 0 
6393f000-63a2e000 rw-p 00000000 00:00 0 
63a2e000-63a3c000 rw-p 00000000 00:00 0 
63a3c000-63b2f000 rw-p 00000000 00:00 0 
63b2f000-63b36000 rw-p 00000000 00:00 0 
63b36000-63baf000 rw-p 00000000 00:00 0 
63baf000-63bbd000 rw-p 00000000 00:00 0 
63bbd000-63caf000 rw-p 00000000 00:00 0 
63caf000-63cc1000 rw-p 00000000 00:00 0 
63cc1000-63daf000 rw-p 00000000 00:00 0 
63daf000-64b10000 rw-p 00000000 00:00 0 
64b10000-73db0000 rw-p 00000000 00:00 0 
73db0000-75860000 rw-p 00000000 00:00 0 
75860000-93db0000 rw-p 00000000 00:00 0 
93db0000-96130000 rw-p 00000000 00:00 0 
96130000-b3db0000 rw-p 00000000 00:00 0 
b3db0000-b3db1000 r--s 00005000 08:02 3686828    /usr/share/eclipse/plugins/org.eclipse.core.runtime.compatibility.auth_3.2.200.v20100517.jar
b3db1000-b3db2000 r--s 00002000 08:02 3687724    /usr/share/eclipse/plugins/org.eclipse.core.runtime.compatibility.registry_3.3.0.v20100520/runtime_registry_compatibility.jar
b3db2000-b3db6000 r--s 00029000 08:02 3686994    /usr/share/eclipse/plugins/org.eclipse.equinox.registry_3.5.0.v20100503.jar
b3db6000-b3db8000 r--s 00010000 08:02 3687041    /usr/share/eclipse/plugins/org.eclipse.core.runtime_3.6.0.v20100505.jar
b3db8000-b3dba000 r--s 00006000 08:02 3686830    /usr/share/eclipse/plugins/org.eclipse.equinox.event_1.2.0.v20100503.jar
b3dba000-b3dc5000 rw-p 00000000 00:00 0 
b3dc5000-b3e3a000 rw-p 00000000 00:00 0 
b3e3a000-b40da000 rwxp 00000000 00:00 0 
b40da000-b5e3a000 rw-p 00000000 00:00 0 
b5e3a000-b5e49000 r-xp 00000000 08:02 1630988    /opt/java/jre/lib/i386/libzip.so
b5e49000-b5e4b000 rw-p 0000e000 08:02 1630988    /opt/java/jre/lib/i386/libzip.so
b5e4b000-b5e60000 r-xp 00000000 08:02 5185568    /lib/libnsl-2.13.so
b5e60000-b5e61000 r--p 00015000 08:02 5185568    /lib/libnsl-2.13.so
b5e61000-b5e62000 rw-p 00016000 08:02 5185568    /lib/libnsl-2.13.so
b5e62000-b5e64000 rw-p 00000000 00:00 0 
b5e64000-b5e65000 r--s 00000000 08:02 3530842    /var/cache/fontconfig/6ba42ae0000f58711b5caaf10d690066-le32d4.cache-3
b5e65000-b5e68000 r--s 0000e000 08:02 3687006    /usr/share/eclipse/plugins/org.eclipse.osgi.services_3.2.100.v20100503.jar
b5e68000-b5e6a000 r--s 00011000 08:02 3686848    /usr/share/eclipse/plugins/org.eclipse.equinox.util_1.0.200.v20100503.jar
b5e6a000-b5e6c000 r--s 0002b000 08:02 3687130    /usr/share/eclipse/plugins/org.eclipse.equinox.ds_1.2.1.R36x_v20100803.jar
b5e6c000-b5e73000 r-xp 00000000 08:02 1630993    /opt/java/jre/lib/i386/libnio.so
b5e73000-b5e74000 rw-p 00006000 08:02 1630993    /opt/java/jre/lib/i386/libnio.so
b5e74000-b5e7c000 rw-s 00000000 08:02 4358170    /tmp/hsperfdata_steve/28162
b5e7c000-b5e9f000 r-xp 00000000 08:02 1630987    /opt/java/jre/lib/i386/libjava.so
b5e9f000-b5ea1000 rw-p 00023000 08:02 1630987    /opt/java/jre/lib/i386/libjava.so
b5ea1000-b6382000 r-xp 00000000 08:02 1631029    /opt/java/jre/lib/i386/client/libjvm.so
b6382000-b63a5000 rw-p 004e1000 08:02 1631029    /opt/java/jre/lib/i386/client/libjvm.so
b63a5000-b67c1000 rw-p 00000000 00:00 0 
b67c1000-b6821000 rw-s 00000000 00:04 161284098  /SYSV00000000 (deleted)
b6821000-b6884000 rw-p 00000000 00:00 0 
b6884000-b688f000 r-xp 00000000 08:02 5185578    /lib/libnss_files-2.13.so
b688f000-b6890000 r--p 0000a000 08:02 5185578    /lib/libnss_files-2.13.so
b6890000-b6891000 rw-p 0000b000 08:02 5185578    /lib/libnss_files-2.13.so
b6891000-b68ae000 r-xp 00000000 08:02 443929     /usr/lib/libatk-1.0.so.0.9.1
b68ae000-b68b0000 rw-p 0001c000 08:02 443929     /usr/lib/libatk-1.0.so.0.9.1
b68b0000-b6d05000 r-xp 00000000 08:02 444065     /usr/lib/libgtk-x11-2.0.so.0.2400.4
b6d05000-b6d0b000 rw-p 00455000 08:02 444065     /usr/lib/libgtk-x11-2.0.so.0.2400.4
b6d0b000-b6d0c000 rw-p 00000000 00:00 0 
b6d0c000-b6d10000 r-xp 00000000 08:02 3628927    /usr/lib/libXdmcp.so.6.0.0
b6d10000-b6d11000 rw-p 00003000 08:02 3628927    /usr/lib/libXdmcp.so.6.0.0
b6d11000-b6d13000 r-xp 00000000 08:02 442389     /usr/lib/libXau.so.6.0.0
b6d13000-b6d14000 rw-p 00001000 08:02 442389     /usr/lib/libXau.so.6.0.0
b6d14000-b6d2b000 r-xp 00000000 08:02 442402     /usr/lib/libxcb.so.1.1.0
b6d2b000-b6d2c000 rw-p 00016000 08:02 442402     /usr/lib/libxcb.so.1.1.0
b6d2c000-b6d93000 r-xp 00000000 08:02 442383     /usr/lib/libpixman-1.so.0.20.2
b6d93000-b6d97000 rw-p 00066000 08:02 442383     /usr/lib/libpixman-1.so.0.20.2
b6d97000-b6dbd000 r-xp 00000000 08:02 3622523    /usr/lib/libexpat.so.1.5.2
b6dbd000-b6dbf000 rw-p 00026000 08:02 3622523    /usr/lib/libexpat.so.1.5.2
b6dbf000-b6dd3000 r-xp 00000000 08:02 3622032    /usr/lib/libz.so.1.2.5
b6dd3000-b6dd4000 rw-p 00013000 08:02 3622032    /usr/lib/libz.so.1.2.5
b6dd4000-b6de7000 r-xp 00000000 08:02 5185577    /lib/libresolv-2.13.so
b6de7000-b6de8000 r--p 00012000 08:02 5185577    /lib/libresolv-2.13.so
b6de8000-b6de9000 rw-p 00013000 08:02 5185577    /lib/libresolv-2.13.so
b6de9000-b6deb000 rw-p 00000000 00:00 0 
b6deb000-b6e6c000 r-xp 00000000 08:02 3628932    /usr/lib/libfreetype.so.6.6.2
b6e6c000-b6e70000 rw-p 00081000 08:02 3628932    /usr/lib/libfreetype.so.6.6.2
b6e70000-b6e96000 r-xp 00000000 08:02 443665     /usr/lib/libpangoft2-1.0.so.0.2800.4
b6e96000-b6e97000 rw-p 00026000 08:02 443665     /usr/lib/libpangoft2-1.0.so.0.2800.4
b6e97000-b6faf000 r-xp 00000000 08:02 442522     /usr/lib/libX11.so.6.3.0
b6faf000-b6fb3000 rw-p 00117000 08:02 442522     /usr/lib/libX11.so.6.3.0
b6fb3000-b704f000 r-xp 00000000 08:02 442748     /usr/lib/libcairo.so.2.11000.2
b704f000-b7051000 rw-p 0009b000 08:02 442748     /usr/lib/libcairo.so.2.11000.2
b7051000-b7053000 rw-p 00000000 00:00 0 
b7053000-b707b000 r-xp 00000000 08:02 5185554    /lib/libm-2.13.so
b707b000-b707c000 r--p 00027000 08:02 5185554    /lib/libm-2.13.so
b707c000-b707d000 rw-p 00028000 08:02 5185554    /lib/libm-2.13.so
b707d000-b70a2000 r-xp 00000000 08:02 442615     /usr/lib/libpng14.so.14.5.0
b70a2000-b70a3000 rw-p 00025000 08:02 442615     /usr/lib/libpng14.so.14.5.0
b70a3000-b70c4000 r-xp 00000000 08:02 442746     /usr/lib/libgdk_pixbuf-2.0.so.0.2300.3
b70c4000-b70c5000 rw-p 00021000 08:02 442746     /usr/lib/libgdk_pixbuf-2.0.so.0.2300.3
b70c5000-b70c9000 r-xp 00000000 08:02 444013     /usr/lib/libXfixes.so.3.1.0
b70c9000-b70ca000 rw-p 00003000 08:02 444013     /usr/lib/libXfixes.so.3.1.0
b70ca000-b70cc000 r-xp 00000000 08:02 442673     /usr/lib/libXdamage.so.1.1.0
b70cc000-b70cd000 rw-p 00001000 08:02 442673     /usr/lib/libXdamage.so.1.1.0
b70cd000-b70cf000 r-xp 00000000 08:02 442671     /usr/lib/libXcomposite.so.1.0.0
b70cf000-b70d0000 rw-p 00001000 08:02 442671     /usr/lib/libXcomposite.so.1.0.0
b70d0000-b70d8000 r-xp 00000000 08:02 442656     /usr/lib/libXcursor.so.1.0.2
b70d8000-b70d9000 rw-p 00007000 08:02 442656     /usr/lib/libXcursor.so.1.0.2
b70d9000-b70df000 r-xp 00000000 08:02 442666     /usr/lib/libXrandr.so.2.2.0
b70df000-b70e0000 rw-p 00005000 08:02 442666     /usr/lib/libXrandr.so.2.2.0
b70e0000-b70ec000 r-xp 00000000 08:02 442535     /usr/lib/libXi.so.6.1.0
b70ec000-b70ed000 rw-p 0000b000 08:02 442535     /usr/lib/libXi.so.6.1.0
b70ed000-b70ef000 r-xp 00000000 08:02 442660     /usr/lib/libXinerama.so.1.0.0
b70ef000-b70f0000 rw-p 00001000 08:02 442660     /usr/lib/libXinerama.so.1.0.0
b70f0000-b70f7000 r-xp 00000000 08:02 442613     /usr/lib/libXrender.so.1.3.0
b70f7000-b70f8000 rw-p 00007000 08:02 442613     /usr/lib/libXrender.so.1.3.0
b70f8000-b7105000 r-xp 00000000 08:02 442524     /usr/lib/libXext.so.6.4.0
b7105000-b7106000 rw-p 0000d000 08:02 442524     /usr/lib/libXext.so.6.4.0
b7106000-b7132000 r-xp 00000000 08:02 442560     /usr/lib/libfontconfig.so.1.4.4
b7132000-b7134000 rw-p 0002b000 08:02 442560     /usr/lib/libfontconfig.so.1.4.4
b7134000-b725c000 r-xp 00000000 08:02 3622489    /usr/lib/libgio-2.0.so.0.2800.6
b725c000-b7260000 rw-p 00127000 08:02 3622489    /usr/lib/libgio-2.0.so.0.2800.6
b7260000-b729f000 r-xp 00000000 08:02 442651     /usr/lib/libpango-1.0.so.0.2800.4
b729f000-b72a1000 rw-p 0003e000 08:02 442651     /usr/lib/libpango-1.0.so.0.2800.4
b72a1000-b72ab000 r-xp 00000000 08:02 443667     /usr/lib/libpangocairo-1.0.so.0.2800.4
b72ab000-b72ac000 rw-p 00009000 08:02 443667     /usr/lib/libpangocairo-1.0.so.0.2800.4
b72ac000-b7357000 r-xp 00000000 08:02 444064     /usr/lib/libgdk-x11-2.0.so.0.2400.4
b7357000-b735a000 rw-p 000aa000 08:02 444064     /usr/lib/libgdk-x11-2.0.so.0.2400.4
b735a000-b7361000 r-xp 00000000 08:02 5188263    /lib/librt-2.13.so
b7361000-b7362000 r--p 00006000 08:02 5188263    /lib/librt-2.13.so
b7362000-b7363000 rw-p 00007000 08:02 5188263    /lib/librt-2.13.so
b7363000-b739f000 r-xp 00000000 08:02 5185700    /lib/libpcre.so.0.0.1
b739f000-b73a0000 rw-p 0003b000 08:02 5185700    /lib/libpcre.so.0.0.1
b73a0000-b748d000 r-xp 00000000 08:02 3622485    /usr/lib/libglib-2.0.so.0.2800.6
b748d000-b748e000 rw-p 000ed000 08:02 3622485    /usr/lib/libglib-2.0.so.0.2800.6
b748e000-b74da000 r-xp 00000000 08:02 3622488    /usr/lib/libgobject-2.0.so.0.2800.6
b74da000-b74dc000 rw-p 0004b000 08:02 3622488    /usr/lib/libgobject-2.0.so.0.2800.6
b74dc000-b74dd000 r--s 00007000 08:02 3686844    /usr/share/eclipse/plugins/org.eclipse.equinox.p2.directorywatcher_1.0.203.R36x_v20101220.jar
b74dd000-b74df000 r--s 00017000 08:02 3686860    /usr/share/eclipse/plugins/org.eclipse.equinox.common_3.6.0.v20100503.jar
b74df000-b74e1000 r--s 00008000 08:02 3686890    /usr/share/eclipse/plugins/org.eclipse.equinox.simpleconfigurator_1.0.200.v20100503.jar
b74e1000-b74e3000 r--s 0000a000 08:02 3686806    /usr/share/eclipse/plugins/org.eclipse.equinox.launcher_1.1.1.R36x_v20101122_1400.jar
b74e3000-b74ee000 r-xp 00000000 08:02 1630986    /opt/java/jre/lib/i386/libverify.so
b74ee000-b74ef000 rw-p 0000b000 08:02 1630986    /opt/java/jre/lib/i386/libverify.so
b74ef000-b74f2000 r-xp 00000000 08:02 3712192    /usr/lib/gdk-pixbuf-2.0/2.10.0/loaders/libpixbufloader-bmp.so
b74f2000-b74f3000 rw-p 00002000 08:02 3712192    /usr/lib/gdk-pixbuf-2.0/2.10.0/loaders/libpixbufloader-bmp.so
b74f3000-b74f4000 r--s 0000a000 08:02 3686937    /usr/share/eclipse/plugins/org.eclipse.equinox.p2.reconciler.dropins_1.1.2.R36x_v20110114.jar
b74f4000-b76a7000 r--p 00000000 08:02 3633024    /usr/lib/locale/locale-archive
b76a7000-b76a9000 rw-p 00000000 00:00 0 
b76a9000-b7808000 r-xp 00000000 08:02 5185555    /lib/libc-2.13.so
b7808000-b7809000 ---p 0015f000 08:02 5185555    /lib/libc-2.13.so
b7809000-b780b000 r--p 0015f000 08:02 5185555    /lib/libc-2.13.so
b780b000-b780c000 rw-p 00161000 08:02 5185555    /lib/libc-2.13.so
b780c000-b780f000 rw-p 00000000 00:00 0 
b780f000-b7812000 r-xp 00000000 08:02 5185540    /lib/libdl-2.13.so
b7812000-b7813000 r--p 00002000 08:02 5185540    /lib/libdl-2.13.so
b7813000-b7814000 rw-p 00003000 08:02 5185540    /lib/libdl-2.13.so
b7814000-b782b000 r-xp 00000000 08:02 5185552    /lib/libpthread-2.13.so
b782b000-b782c000 r--p 00016000 08:02 5185552    /lib/libpthread-2.13.so
b782c000-b782d000 rw-p 00017000 08:02 5185552    /lib/libpthread-2.13.so
b782d000-b7830000 rw-p 00000000 00:00 0 
b7830000-b7831000 r--p 00000000 00:00 0 
b7831000-b7834000 r-xp 00000000 08:02 3622486    /usr/lib/libgmodule-2.0.so.0.2800.6
b7834000-b7835000 rw-p 00002000 08:02 3622486    /usr/lib/libgmodule-2.0.so.0.2800.6
b7835000-b7839000 r-xp 00000000 08:02 3622487    /usr/lib/libgthread-2.0.so.0.2800.6
b7839000-b783a000 rw-p 00003000 08:02 3622487    /usr/lib/libgthread-2.0.so.0.2800.6
b783a000-b7846000 r-xp 00000000 08:02 3687714    /usr/share/eclipse/plugins/org.eclipse.equinox.launcher.gtk.linux.x86_1.1.2.R36x_v20101019_1345/eclipse_1310.so
b7846000-b7847000 rw-p 0000c000 08:02 3687714    /usr/share/eclipse/plugins/org.eclipse.equinox.launcher.gtk.linux.x86_1.1.2.R36x_v20101019_1345/eclipse_1310.so
b7847000-b7848000 rw-p 00000000 00:00 0 
b7848000-b7849000 r-xp 00000000 00:00 0          [vdso]
b7849000-b7867000 r-xp 00000000 08:02 5185571    /lib/ld-2.13.so
b7867000-b7868000 r--p 0001d000 08:02 5185571    /lib/ld-2.13.so
b7868000-b7869000 rw-p 0001e000 08:02 5185571    /lib/ld-2.13.so
bf82f000-bf832000 ---p 00000000 00:00 0 
bf833000-bf87f000 rwxp 00000000 00:00 0          [stack]

VM Arguments:
jvm_args: -Xms40m -Xmx768m -XX:MaxPermSize=512m 
java_command: <unknown>
Launcher Type: generic

Environment Variables:
JAVA_HOME=/opt/java
PATH=/usr/local/sbin:/usr/local/bin:/usr/sbin:/usr/bin:/sbin:/bin:/usr/games:/opt/java/jre/bin:/opt/rodin:/home/steve/bin
LD_LIBRARY_PATH=/opt/java/jre/lib/i386/client:/opt/java/jre/lib/i386:
SHELL=/bin/zsh
DISPLAY=:0

Signal Handlers:
SIGSEGV: [libjvm.so+0x469d20], sa_mask[0]=0x7ffbfeff, sa_flags=0x10000004
SIGBUS: [libjvm.so+0x469d20], sa_mask[0]=0x7ffbfeff, sa_flags=0x10000004
SIGFPE: [libjvm.so+0x38bd70], sa_mask[0]=0x7ffbfeff, sa_flags=0x10000004
SIGPIPE: SIG_IGN, sa_mask[0]=0x00000000, sa_flags=0x00000000
SIGXFSZ: [libjvm.so+0x38bd70], sa_mask[0]=0x7ffbfeff, sa_flags=0x10000004
SIGILL: [libjvm.so+0x38bd70], sa_mask[0]=0x7ffbfeff, sa_flags=0x10000004
SIGUSR1: SIG_DFL, sa_mask[0]=0x00000000, sa_flags=0x00000000
SIGUSR2: [libjvm.so+0x38efb0], sa_mask[0]=0x00000000, sa_flags=0x10000004
SIGHUP: [libjvm.so+0x38eb90], sa_mask[0]=0x7ffbfeff, sa_flags=0x10000004
SIGINT: [libjvm.so+0x38eb90], sa_mask[0]=0x7ffbfeff, sa_flags=0x10000004
SIGTERM: [libjvm.so+0x38eb90], sa_mask[0]=0x7ffbfeff, sa_flags=0x10000004
SIGQUIT: [libjvm.so+0x38eb90], sa_mask[0]=0x7ffbfeff, sa_flags=0x10000004


---------------  S Y S T E M  ---------------

OS:Linux
uname:Linux 2.6.32-lts #1 SMP Sun Apr 24 14:33:58 UTC 2011 i686
libc:glibc 2.13 NPTL 2.13 
rlimit: STACK 8192k, CORE 0k, NPROC 13892, NOFILE 1024, AS infinity
load average:0.99 0.95 0.83

/proc/meminfo:
MemTotal:        1780180 kB
MemFree:          121572 kB
Buffers:           74244 kB
Cached:          1312444 kB
SwapCached:         2148 kB
Active:           723684 kB
Inactive:         851272 kB
Active(anon):     175068 kB
Inactive(anon):    14888 kB
Active(file):     548616 kB
Inactive(file):   836384 kB
Unevictable:           0 kB
Mlocked:               0 kB
HighTotal:        900276 kB
HighFree:           1372 kB
LowTotal:         879904 kB
LowFree:          120200 kB
SwapTotal:       3999736 kB
SwapFree:        3996640 kB
Dirty:                84 kB
Writeback:             0 kB
AnonPages:        187836 kB
Mapped:            69924 kB
Shmem:              1644 kB
Slab:              56096 kB
SReclaimable:      48064 kB
SUnreclaim:         8032 kB
KernelStack:        1224 kB
PageTables:         1644 kB
NFS_Unstable:          0 kB
Bounce:                0 kB
WritebackTmp:          0 kB
CommitLimit:     4889824 kB
Committed_AS:     498768 kB
VmallocTotal:     122880 kB
VmallocUsed:       54908 kB
VmallocChunk:      35836 kB
HardwareCorrupted:     0 kB
HugePages_Total:       0
HugePages_Free:        0
HugePages_Rsvd:        0
HugePages_Surp:        0
Hugepagesize:       4096 kB
DirectMap4k:      745464 kB
DirectMap4M:      163840 kB


CPU:total 2 (2 cores per cpu, 1 threads per core) family 6 model 23 stepping 10, cmov, cx8, fxsr, mmx, sse, sse2, sse3, ssse3, sse4.1

/proc/cpuinfo:
processor	: 0
vendor_id	: GenuineIntel
cpu family	: 6
model		: 23
model name	: Intel(R) Core(TM)2 Duo CPU     P7550  @ 2.26GHz
stepping	: 10
cpu MHz		: 2255.116
cache size	: 3072 KB
physical id	: 0
siblings	: 2
core id		: 0
cpu cores	: 2
apicid		: 0
initial apicid	: 0
fdiv_bug	: no
hlt_bug		: no
f00f_bug	: no
coma_bug	: no
fpu		: yes
fpu_exception	: yes
cpuid level	: 13
wp		: yes
flags		: fpu vme de pse tsc msr pae mce cx8 apic sep mtrr pge mca cmov pat pse36 clflush dts acpi mmx fxsr sse sse2 ss ht tm pbe nx lm constant_tsc arch_perfmon pebs bts aperfmperf pni dtes64 monitor ds_cpl vmx est tm2 ssse3 cx16 xtpr pdcm sse4_1 xsave lahf_lm tpr_shadow vnmi flexpriority
bogomips	: 4510.23
clflush size	: 64
cache_alignment	: 64
address sizes	: 36 bits physical, 48 bits virtual
power management:

processor	: 1
vendor_id	: GenuineIntel
cpu family	: 6
model		: 23
model name	: Intel(R) Core(TM)2 Duo CPU     P7550  @ 2.26GHz
stepping	: 10
cpu MHz		: 2255.116
cache size	: 3072 KB
physical id	: 0
siblings	: 2
core id		: 1
cpu cores	: 2
apicid		: 1
initial apicid	: 1
fdiv_bug	: no
hlt_bug		: no
f00f_bug	: no
coma_bug	: no
fpu		: yes
fpu_exception	: yes
cpuid level	: 13
wp		: yes
flags		: fpu vme de pse tsc msr pae mce cx8 apic sep mtrr pge mca cmov pat pse36 clflush dts acpi mmx fxsr sse sse2 ss ht tm pbe nx lm constant_tsc arch_perfmon pebs bts aperfmperf pni dtes64 monitor ds_cpl vmx est tm2 ssse3 cx16 xtpr pdcm sse4_1 xsave lahf_lm tpr_shadow vnmi flexpriority
bogomips	: 4510.71
clflush size	: 64
cache_alignment	: 64
address sizes	: 36 bits physical, 48 bits virtual
power management:



Memory: 4k page, physical 1780180k(121572k free), swap 3999736k(3996640k free)

vm_info: Java HotSpot(TM) Client VM (20.0-b11) for linux-x86 JRE (1.6.0_25-b06), built on Apr 14 2011 01:32:00 by "java_re" with gcc 3.2.1-7a (J2SE release)

time: Mon May  9 12:00:04 2011
elapsed time: 6 seconds

